1766698684: mosquitto version 2.0.22 starting
1766698684: Config loaded from /mosquitto/config/mosquitto.conf.
1766698684: Opening ipv4 listen socket on port 1883.
1766698684: Opening ipv6 listen socket on port 1883.
1766698684: mosquitto version 2.0.22 running
1766698727: mosquitto version 2.0.22 terminating
1766698727: Saving in-memory database to /mosquitto/data//mosquitto.db.
1766698727: mosquitto version 2.0.22 starting
1766698727: Config loaded from /mosquitto/config/mosquitto.conf.
1766698727: Opening ipv4 listen socket on port 1883.
1766698727: Opening ipv6 listen socket on port 1883.
1766698727: mosquitto version 2.0.22 running
1766698794: mosquitto version 2.0.22 terminating
1766698794: Saving in-memory database to /mosquitto/data//mosquitto.db.
1766700106: mosquitto version 2.0.22 starting
1766700106: Config loaded from /mosquitto/config/mosquitto.conf.
1766700106: Opening ipv4 listen socket on port 1883.
1766700106: Opening ipv6 listen socket on port 1883.
1766700106: mosquitto version 2.0.22 running
1766700276: mosquitto version 2.0.22 terminating
1766700276: Saving in-memory database to /mosquitto/data//mosquitto.db.
